<?xml version="1.0" encoding="UTF-8"?>
<!-- Generated by org.testng.reporters.JUnitReportReporter -->
<testsuite skipped="0" hostname="DESKTOP-PQJJUA9" name="com.testngrunner.OrangeHRMLogin" tests="1" failures="0" timestamp="2022-10-18T16:00:52 IST" time="8.225" errors="0">
  <testcase name="orangeHrmLogin" time="8.225" classname="com.testngrunner.OrangeHRMLogin"/>
  <system-out/>
</testsuite> <!-- com.testngrunner.OrangeHRMLogin -->
